1. SAT1: Nothing, SAT2: Spin
2. SAT1: Observe, SAT2: Charge
3. SAT1: Charge, SAT2: Observe
4. SAT1: Observe, SAT2: Observe
5. SAT1: Nothing, SAT2: Spin
6. SAT1: Charge, SAT2: Observe
7. SAT1: Transmit, SAT2: Observe
8. SAT1: Nothing, SAT2: Transmit
9. SAT1: Charge, SAT2: Transmit
10. SAT1: Transmit, SAT2: Transmit
11. SAT1: Charge, SAT2: Charge
12. SAT1: Nothing, SAT2: Nothing
13. SAT1: Nothing, SAT2: Nothing
14. SAT1: Nothing, SAT2: Nothing
15. SAT1: Nothing, SAT2: Nothing
16. SAT1: Nothing, SAT2: Nothing
17. SAT1: Nothing, SAT2: Nothing
18. SAT1: Nothing, SAT2: Nothing
19. SAT1: Nothing, SAT2: Nothing
20. SAT1: Nothing, SAT2: Nothing
21. SAT1: Nothing, SAT2: Nothing
22. SAT1: Nothing, SAT2: Nothing
23. SAT1: Nothing, SAT2: Nothing
